Using pre-set license
Built from '2021.1/staging' branch; Version is '2021.1.6f1 (c0fade0cc7e9) revision 12647134'; Using compiler version '192528614'; Build Type 'Release'
OS: 'Windows 10 Pro; OS build 19042.1052; Version 2009; 64bit' Language: 'en' Physical Memory: 32659 MB
BatchMode: 1, IsHumanControllingUs: 0, StartBugReporterOnCrash: 0, Is64bit: 1, IsPro: 0

 COMMAND LINE ARGUMENTS:
C:\Program Files\Unity\Hub\Editor\2021.1.6f1\Editor\Unity.exe
-adb2
-batchMode
-noUpm
-name
AssetImportWorker0
-projectPath
C:/Users/alspo/OneDrive/Desktop/Desktop/Bachelor of Games Design/2021 Tri 2/GDS210/Rat Person Takes Manhattan 1
-logFile
Logs/AssetImportWorker0.log
-srvPort
61667
Successfully changed project path to: C:/Users/alspo/OneDrive/Desktop/Desktop/Bachelor of Games Design/2021 Tri 2/GDS210/Rat Person Takes Manhattan 1
C:/Users/alspo/OneDrive/Desktop/Desktop/Bachelor of Games Design/2021 Tri 2/GDS210/Rat Person Takes Manhattan 1
Using Asset Import Pipeline V2.
Refreshing native plugins compatible for Editor in 55.42 ms, found 1 plugins.
Preloading 0 native plugins for Editor in 0.00 ms.
Initialize engine version: 2021.1.6f1 (c0fade0cc7e9)
[Subsystems] Discovering subsystems at path C:/Program Files/Unity/Hub/Editor/2021.1.6f1/Editor/Data/Resources/UnitySubsystems
[Subsystems] Discovering subsystems at path C:/Users/alspo/OneDrive/Desktop/Desktop/Bachelor of Games Design/2021 Tri 2/GDS210/Rat Person Takes Manhattan 1/Assets
GfxDevice: creating device client; threaded=0; jobified=0
Direct3D:
    Version:  Direct3D 11.0 [level 11.1]
    Renderer: NVIDIA GeForce RTX 2060 (ID=0x1e89)
    Vendor:   NVIDIA
    VRAM:     5968 MB
    Driver:   27.21.14.5671
Initialize mono
Mono path[0] = 'C:/Program Files/Unity/Hub/Editor/2021.1.6f1/Editor/Data/Managed'
Mono path[1] = 'C:/Program Files/Unity/Hub/Editor/2021.1.6f1/Editor/Data/MonoBleedingEdge/lib/mono/unityjit'
Mono config path = 'C:/Program Files/Unity/Hub/Editor/2021.1.6f1/Editor/Data/MonoBleedingEdge/etc'
Using monoOptions --debugger-agent=transport=dt_socket,embedding=1,server=y,suspend=n,address=127.0.0.1:56348
Begin MonoManager ReloadAssembly
Registering precompiled unity dll's ...
Register platform support module: C:/Program Files/Unity/Hub/Editor/2021.1.6f1/Editor/Data/PlaybackEngines/WindowsStandaloneSupport/UnityEditor.WindowsStandalone.Extensions.dll
Registered in 0.001407 seconds.
Native extension for WindowsStandalone target not found
Refreshing native plugins compatible for Editor in 58.38 ms, found 1 plugins.
Preloading 0 native plugins for Editor in 0.00 ms.
Mono: successfully reloaded assembly
- Completed reload, in  0.941 seconds
Platform modules already initialized, skipping
Registering precompiled user dll's ...
Registered in 0.002143 seconds.
Begin MonoManager ReloadAssembly
Native extension for WindowsStandalone target not found
Refreshing native plugins compatible for Editor in 0.39 ms, found 1 plugins.
Preloading 0 native plugins for Editor in 0.00 ms.
Mono: successfully reloaded assembly
- Completed reload, in  0.709 seconds
Platform modules already initialized, skipping
========================================================================
Worker process is ready to serve import requests
Launched and connected shader compiler UnityShaderCompiler.exe after 0.02 seconds
Refreshing native plugins compatible for Editor in 0.39 ms, found 1 plugins.
Preloading 0 native plugins for Editor in 0.00 ms.
Unloading 2681 Unused Serialized files (Serialized files now loaded: 0)
System memory in use before: 101.4 MB.
System memory in use after: 101.6 MB.

Unloading 15 unused Assets to reduce memory usage. Loaded Objects now: 3134.
Total: 1.479900 ms (FindLiveObjects: 0.169600 ms CreateObjectMapping: 0.103400 ms MarkObjects: 1.154800 ms  DeleteObjects: 0.051400 ms)

========================================================================
Received Import Request.
  path: Assets/Music
  artifactKey: Guid(2d4ff59dfa4386a45bd8476061e2e6f0) Importer(815301076,1909f56bfc062723c751e8b465ee728b)
Start importing Assets/Music using Guid(2d4ff59dfa4386a45bd8476061e2e6f0) Importer(815301076,1909f56bfc062723c751e8b465ee728b)  -> (artifact id: '7828092ed94b0c26898446f3898ebabb') in 0.007727 seconds 
========================================================================
Received Import Request.
  Time since last request: 101.998395 seconds.
  path: Assets/Music/60 min mix of royalty free Vintage Jazz.wav
  artifactKey: Guid(bcd3a03b297cbd84b8eda6e52143bcdd) Importer(815301076,1909f56bfc062723c751e8b465ee728b)
Start importing Assets/Music/60 min mix of royalty free Vintage Jazz.wav using Guid(bcd3a03b297cbd84b8eda6e52143bcdd) Importer(815301076,1909f56bfc062723c751e8b465ee728b)  -> (artifact id: '5f6a97c02791b8ed0bdccb0c21c31dae') in 0.078114 seconds 
========================================================================
Received Import Request.
  Time since last request: 0.000188 seconds.
  path: Assets/Music/70s Disco (Royalty Free Music Collection).wav
  artifactKey: Guid(2fde7f4b758675e4e86b92452e8c7356) Importer(815301076,1909f56bfc062723c751e8b465ee728b)
Start importing Assets/Music/70s Disco (Royalty Free Music Collection).wav using Guid(2fde7f4b758675e4e86b92452e8c7356) Importer(815301076,1909f56bfc062723c751e8b465ee728b)  -> (artifact id: '784ad1ca53fa3969587c528473c03168') in 0.009111 seconds 
========================================================================
Received Prepare
Registering precompiled user dll's ...
Registered in 0.002187 seconds.
Begin MonoManager ReloadAssembly
Native extension for WindowsStandalone target not found
Refreshing native plugins compatible for Editor in 0.51 ms, found 1 plugins.
Preloading 0 native plugins for Editor in 0.00 ms.
Mono: successfully reloaded assembly
- Completed reload, in  0.670 seconds
Platform modules already initialized, skipping
Refreshing native plugins compatible for Editor in 0.39 ms, found 1 plugins.
Preloading 0 native plugins for Editor in 0.00 ms.
Unloading 2663 Unused Serialized files (Serialized files now loaded: 0)
System memory in use before: 103.8 MB.
System memory in use after: 104.0 MB.

Unloading 10 unused Assets to reduce memory usage. Loaded Objects now: 3146.
Total: 1.420100 ms (FindLiveObjects: 0.169100 ms CreateObjectMapping: 0.105100 ms MarkObjects: 1.113900 ms  DeleteObjects: 0.031300 ms)

========================================================================
Received Import Request.
  Time since last request: 344.018455 seconds.
  path: Assets/Scripts/Gameplay.cs
  artifactKey: Guid(81ec919dad131744c85a9547fa838c12) Importer(815301076,1909f56bfc062723c751e8b465ee728b)
Start importing Assets/Scripts/Gameplay.cs using Guid(81ec919dad131744c85a9547fa838c12) Importer(815301076,1909f56bfc062723c751e8b465ee728b)  -> (artifact id: 'f140d4e8503bbfa5de9c93fa3f96f84d') in 0.017451 seconds 
========================================================================
Received Prepare
Registering precompiled user dll's ...
Registered in 0.002123 seconds.
Begin MonoManager ReloadAssembly
Native extension for WindowsStandalone target not found
Refreshing native plugins compatible for Editor in 0.47 ms, found 1 plugins.
Preloading 0 native plugins for Editor in 0.00 ms.
Mono: successfully reloaded assembly
- Completed reload, in  0.662 seconds
Platform modules already initialized, skipping
Refreshing native plugins compatible for Editor in 0.39 ms, found 1 plugins.
Preloading 0 native plugins for Editor in 0.00 ms.
Unloading 2663 Unused Serialized files (Serialized files now loaded: 0)
System memory in use before: 103.8 MB.
System memory in use after: 104.0 MB.

Unloading 10 unused Assets to reduce memory usage. Loaded Objects now: 3149.
Total: 1.430200 ms (FindLiveObjects: 0.169700 ms CreateObjectMapping: 0.103900 ms MarkObjects: 1.122400 ms  DeleteObjects: 0.033700 ms)

========================================================================
Received Prepare
Registering precompiled user dll's ...
Registered in 0.002050 seconds.
Begin MonoManager ReloadAssembly
Native extension for WindowsStandalone target not found
Refreshing native plugins compatible for Editor in 0.45 ms, found 1 plugins.
Preloading 0 native plugins for Editor in 0.00 ms.
Mono: successfully reloaded assembly
- Completed reload, in  0.674 seconds
Platform modules already initialized, skipping
Refreshing native plugins compatible for Editor in 0.41 ms, found 1 plugins.
Preloading 0 native plugins for Editor in 0.00 ms.
Unloading 2663 Unused Serialized files (Serialized files now loaded: 0)
System memory in use before: 103.8 MB.
System memory in use after: 104.0 MB.

Unloading 10 unused Assets to reduce memory usage. Loaded Objects now: 3152.
Total: 1.573900 ms (FindLiveObjects: 0.183400 ms CreateObjectMapping: 0.110900 ms MarkObjects: 1.241400 ms  DeleteObjects: 0.037500 ms)

========================================================================
Received Prepare
Registering precompiled user dll's ...
Registered in 0.002134 seconds.
Begin MonoManager ReloadAssembly
Native extension for WindowsStandalone target not found
Refreshing native plugins compatible for Editor in 0.40 ms, found 1 plugins.
Preloading 0 native plugins for Editor in 0.00 ms.
Mono: successfully reloaded assembly
- Completed reload, in  0.669 seconds
Platform modules already initialized, skipping
Refreshing native plugins compatible for Editor in 0.41 ms, found 1 plugins.
Preloading 0 native plugins for Editor in 0.00 ms.
Unloading 2663 Unused Serialized files (Serialized files now loaded: 0)
System memory in use before: 103.9 MB.
System memory in use after: 104.1 MB.

Unloading 10 unused Assets to reduce memory usage. Loaded Objects now: 3155.
Total: 1.864700 ms (FindLiveObjects: 0.205800 ms CreateObjectMapping: 0.133600 ms MarkObjects: 1.483400 ms  DeleteObjects: 0.041100 ms)

========================================================================
Received Prepare
Registering precompiled user dll's ...
Registered in 0.002153 seconds.
Begin MonoManager ReloadAssembly
Native extension for WindowsStandalone target not found
Refreshing native plugins compatible for Editor in 0.41 ms, found 1 plugins.
Preloading 0 native plugins for Editor in 0.00 ms.
Mono: successfully reloaded assembly
- Completed reload, in  0.684 seconds
Platform modules already initialized, skipping
Refreshing native plugins compatible for Editor in 0.40 ms, found 1 plugins.
Preloading 0 native plugins for Editor in 0.00 ms.
Unloading 2663 Unused Serialized files (Serialized files now loaded: 0)
System memory in use before: 103.9 MB.
System memory in use after: 104.1 MB.

Unloading 10 unused Assets to reduce memory usage. Loaded Objects now: 3158.
Total: 1.787900 ms (FindLiveObjects: 0.205300 ms CreateObjectMapping: 0.132000 ms MarkObjects: 1.406200 ms  DeleteObjects: 0.043700 ms)

========================================================================
Received Prepare
Registering precompiled user dll's ...
Registered in 0.002165 seconds.
Begin MonoManager ReloadAssembly
Native extension for WindowsStandalone target not found
Refreshing native plugins compatible for Editor in 0.40 ms, found 1 plugins.
Preloading 0 native plugins for Editor in 0.00 ms.
Mono: successfully reloaded assembly
- Completed reload, in  0.677 seconds
Platform modules already initialized, skipping
Refreshing native plugins compatible for Editor in 0.42 ms, found 1 plugins.
Preloading 0 native plugins for Editor in 0.00 ms.
Unloading 2663 Unused Serialized files (Serialized files now loaded: 0)
System memory in use before: 103.9 MB.
System memory in use after: 104.1 MB.

Unloading 10 unused Assets to reduce memory usage. Loaded Objects now: 3161.
Total: 1.531200 ms (FindLiveObjects: 0.191900 ms CreateObjectMapping: 0.125100 ms MarkObjects: 1.179600 ms  DeleteObjects: 0.034000 ms)

========================================================================
Received Prepare
Registering precompiled user dll's ...
Registered in 0.002173 seconds.
Begin MonoManager ReloadAssembly
Native extension for WindowsStandalone target not found
Refreshing native plugins compatible for Editor in 0.40 ms, found 1 plugins.
Preloading 0 native plugins for Editor in 0.00 ms.
Mono: successfully reloaded assembly
- Completed reload, in  0.662 seconds
Platform modules already initialized, skipping
Refreshing native plugins compatible for Editor in 0.46 ms, found 1 plugins.
Preloading 0 native plugins for Editor in 0.00 ms.
Unloading 2663 Unused Serialized files (Serialized files now loaded: 0)
System memory in use before: 103.9 MB.
System memory in use after: 104.1 MB.

Unloading 10 unused Assets to reduce memory usage. Loaded Objects now: 3164.
Total: 1.504000 ms (FindLiveObjects: 0.172000 ms CreateObjectMapping: 0.104100 ms MarkObjects: 1.193200 ms  DeleteObjects: 0.034000 ms)

========================================================================
Received Prepare
Registering precompiled user dll's ...
Registered in 0.002230 seconds.
Begin MonoManager ReloadAssembly
Native extension for WindowsStandalone target not found
Refreshing native plugins compatible for Editor in 0.40 ms, found 1 plugins.
Preloading 0 native plugins for Editor in 0.00 ms.
Mono: successfully reloaded assembly
- Completed reload, in  0.656 seconds
Platform modules already initialized, skipping
Refreshing native plugins compatible for Editor in 0.40 ms, found 1 plugins.
Preloading 0 native plugins for Editor in 0.00 ms.
Unloading 2663 Unused Serialized files (Serialized files now loaded: 0)
System memory in use before: 103.9 MB.
System memory in use after: 104.1 MB.

Unloading 10 unused Assets to reduce memory usage. Loaded Objects now: 3167.
Total: 1.451000 ms (FindLiveObjects: 0.170500 ms CreateObjectMapping: 0.100500 ms MarkObjects: 1.146700 ms  DeleteObjects: 0.032600 ms)

========================================================================
Received Prepare
Registering precompiled user dll's ...
Registered in 0.002126 seconds.
Begin MonoManager ReloadAssembly
Native extension for WindowsStandalone target not found
Refreshing native plugins compatible for Editor in 0.40 ms, found 1 plugins.
Preloading 0 native plugins for Editor in 0.00 ms.
Mono: successfully reloaded assembly
- Completed reload, in  0.674 seconds
Platform modules already initialized, skipping
Refreshing native plugins compatible for Editor in 0.43 ms, found 1 plugins.
Preloading 0 native plugins for Editor in 0.00 ms.
Unloading 2663 Unused Serialized files (Serialized files now loaded: 0)
System memory in use before: 103.9 MB.
System memory in use after: 104.1 MB.

Unloading 10 unused Assets to reduce memory usage. Loaded Objects now: 3170.
Total: 1.507400 ms (FindLiveObjects: 0.180400 ms CreateObjectMapping: 0.111200 ms MarkObjects: 1.181500 ms  DeleteObjects: 0.033500 ms)

========================================================================
Received Import Request.
  Time since last request: 985.226768 seconds.
  path: Assets/Scripts/Gameplay.cs
  artifactKey: Guid(81ec919dad131744c85a9547fa838c12) Importer(815301076,1909f56bfc062723c751e8b465ee728b)
Start importing Assets/Scripts/Gameplay.cs using Guid(81ec919dad131744c85a9547fa838c12) Importer(815301076,1909f56bfc062723c751e8b465ee728b)  -> (artifact id: '5ec24914fdf634d34ff7ad80c78f18ee') in 0.007725 seconds 
========================================================================
Received Prepare
Registering precompiled user dll's ...
Registered in 0.002113 seconds.
Begin MonoManager ReloadAssembly
Native extension for WindowsStandalone target not found
Refreshing native plugins compatible for Editor in 0.43 ms, found 1 plugins.
Preloading 0 native plugins for Editor in 0.00 ms.
Mono: successfully reloaded assembly
- Completed reload, in  0.722 seconds
Platform modules already initialized, skipping
Refreshing native plugins compatible for Editor in 0.68 ms, found 1 plugins.
Preloading 0 native plugins for Editor in 0.00 ms.
Unloading 2663 Unused Serialized files (Serialized files now loaded: 0)
System memory in use before: 103.9 MB.
System memory in use after: 104.1 MB.

Unloading 10 unused Assets to reduce memory usage. Loaded Objects now: 3173.
Total: 1.504000 ms (FindLiveObjects: 0.184700 ms CreateObjectMapping: 0.115000 ms MarkObjects: 1.168200 ms  DeleteObjects: 0.035500 ms)

========================================================================
Received Import Request.
  Time since last request: 126.961759 seconds.
  path: Assets/Scripts/Gameplay.cs
  artifactKey: Guid(81ec919dad131744c85a9547fa838c12) Importer(815301076,1909f56bfc062723c751e8b465ee728b)
Start importing Assets/Scripts/Gameplay.cs using Guid(81ec919dad131744c85a9547fa838c12) Importer(815301076,1909f56bfc062723c751e8b465ee728b)  -> (artifact id: '59b9b57584498bc149fd912de7f50570') in 0.004317 seconds 
========================================================================
Received Prepare
Registering precompiled user dll's ...
Registered in 0.002094 seconds.
Begin MonoManager ReloadAssembly
Native extension for WindowsStandalone target not found
Refreshing native plugins compatible for Editor in 0.39 ms, found 1 plugins.
Preloading 0 native plugins for Editor in 0.00 ms.
Mono: successfully reloaded assembly
- Completed reload, in  0.651 seconds
Platform modules already initialized, skipping
Refreshing native plugins compatible for Editor in 0.42 ms, found 1 plugins.
Preloading 0 native plugins for Editor in 0.00 ms.
Unloading 2663 Unused Serialized files (Serialized files now loaded: 0)
System memory in use before: 103.9 MB.
System memory in use after: 104.1 MB.

Unloading 10 unused Assets to reduce memory usage. Loaded Objects now: 3176.
Total: 1.453200 ms (FindLiveObjects: 0.162900 ms CreateObjectMapping: 0.092900 ms MarkObjects: 1.163700 ms  DeleteObjects: 0.032900 ms)

========================================================================
Received Prepare
Registering precompiled user dll's ...
Registered in 0.002139 seconds.
Begin MonoManager ReloadAssembly
Native extension for WindowsStandalone target not found
Refreshing native plugins compatible for Editor in 0.42 ms, found 1 plugins.
Preloading 0 native plugins for Editor in 0.00 ms.
Mono: successfully reloaded assembly
- Completed reload, in  0.705 seconds
Platform modules already initialized, skipping
Refreshing native plugins compatible for Editor in 0.42 ms, found 1 plugins.
Preloading 0 native plugins for Editor in 0.00 ms.
Unloading 2663 Unused Serialized files (Serialized files now loaded: 0)
System memory in use before: 103.9 MB.
System memory in use after: 104.1 MB.

Unloading 10 unused Assets to reduce memory usage. Loaded Objects now: 3179.
Total: 1.651600 ms (FindLiveObjects: 0.201200 ms CreateObjectMapping: 0.122300 ms MarkObjects: 1.292400 ms  DeleteObjects: 0.034900 ms)

========================================================================
Received Import Request.
  Time since last request: 39.972590 seconds.
  path: Assets/Scripts/Gameplay.cs
  artifactKey: Guid(81ec919dad131744c85a9547fa838c12) Importer(815301076,1909f56bfc062723c751e8b465ee728b)
Start importing Assets/Scripts/Gameplay.cs using Guid(81ec919dad131744c85a9547fa838c12) Importer(815301076,1909f56bfc062723c751e8b465ee728b)  -> (artifact id: '30e37d624f9a2beddadec94c64883e1e') in 0.004422 seconds 
========================================================================
Received Import Request.
  Time since last request: 63.898342 seconds.
  path: Assets/Scripts/Gameplay.cs
  artifactKey: Guid(81ec919dad131744c85a9547fa838c12) Importer(815301076,1909f56bfc062723c751e8b465ee728b)
Start importing Assets/Scripts/Gameplay.cs using Guid(81ec919dad131744c85a9547fa838c12) Importer(815301076,1909f56bfc062723c751e8b465ee728b)  -> (artifact id: '7be877b148646b8bd09f65f4dd255eda') in 0.001755 seconds 
========================================================================
Received Prepare
Registering precompiled user dll's ...
Registered in 0.002054 seconds.
Begin MonoManager ReloadAssembly
Native extension for WindowsStandalone target not found
Refreshing native plugins compatible for Editor in 0.41 ms, found 1 plugins.
Preloading 0 native plugins for Editor in 0.00 ms.
Mono: successfully reloaded assembly
- Completed reload, in  0.724 seconds
Platform modules already initialized, skipping
Refreshing native plugins compatible for Editor in 0.40 ms, found 1 plugins.
Preloading 0 native plugins for Editor in 0.00 ms.
Unloading 2663 Unused Serialized files (Serialized files now loaded: 0)
System memory in use before: 103.9 MB.
System memory in use after: 104.1 MB.

Unloading 10 unused Assets to reduce memory usage. Loaded Objects now: 3182.
Total: 1.630600 ms (FindLiveObjects: 0.175900 ms CreateObjectMapping: 0.102000 ms MarkObjects: 1.316800 ms  DeleteObjects: 0.035300 ms)

========================================================================
Received Prepare
Registering precompiled user dll's ...
Registered in 0.002105 seconds.
Begin MonoManager ReloadAssembly
Native extension for WindowsStandalone target not found
Refreshing native plugins compatible for Editor in 0.39 ms, found 1 plugins.
Preloading 0 native plugins for Editor in 0.00 ms.
Mono: successfully reloaded assembly
- Completed reload, in  0.675 seconds
Platform modules already initialized, skipping
Refreshing native plugins compatible for Editor in 0.39 ms, found 1 plugins.
Preloading 0 native plugins for Editor in 0.00 ms.
Unloading 2663 Unused Serialized files (Serialized files now loaded: 0)
System memory in use before: 103.9 MB.
System memory in use after: 104.1 MB.

Unloading 10 unused Assets to reduce memory usage. Loaded Objects now: 3185.
Total: 1.491000 ms (FindLiveObjects: 0.170300 ms CreateObjectMapping: 0.103800 ms MarkObjects: 1.187000 ms  DeleteObjects: 0.029300 ms)

========================================================================
Received Import Request.
  Time since last request: 696.793772 seconds.
  path: Assets/Music/RP DAD.wav
  artifactKey: Guid(4f7c19dd675502d4983203b1c513f490) Importer(815301076,1909f56bfc062723c751e8b465ee728b)
Start importing Assets/Music/RP DAD.wav using Guid(4f7c19dd675502d4983203b1c513f490) Importer(815301076,1909f56bfc062723c751e8b465ee728b)  -> (artifact id: '82b10a7631646512d67febda55d14190') in 0.043788 seconds 
========================================================================
Received Import Request.
  Time since last request: 0.000121 seconds.
  path: Assets/Music/RP MUM.wav
  artifactKey: Guid(2f641b7968786fc49b84a072d615920d) Importer(815301076,1909f56bfc062723c751e8b465ee728b)
Start importing Assets/Music/RP MUM.wav using Guid(2f641b7968786fc49b84a072d615920d) Importer(815301076,1909f56bfc062723c751e8b465ee728b)  -> (artifact id: '6c02069f0709d7a411a4cf9bd608ec18') in 0.010113 seconds 
========================================================================
Received Prepare
Registering precompiled user dll's ...
Registered in 0.002110 seconds.
Begin MonoManager ReloadAssembly
Native extension for WindowsStandalone target not found
Refreshing native plugins compatible for Editor in 0.39 ms, found 1 plugins.
Preloading 0 native plugins for Editor in 0.00 ms.
Mono: successfully reloaded assembly
- Completed reload, in  0.678 seconds
Platform modules already initialized, skipping
Refreshing native plugins compatible for Editor in 0.40 ms, found 1 plugins.
Preloading 0 native plugins for Editor in 0.00 ms.
Unloading 2663 Unused Serialized files (Serialized files now loaded: 0)
System memory in use before: 103.9 MB.
System memory in use after: 104.1 MB.

Unloading 10 unused Assets to reduce memory usage. Loaded Objects now: 3189.
Total: 1.549100 ms (FindLiveObjects: 0.170400 ms CreateObjectMapping: 0.103100 ms MarkObjects: 1.227100 ms  DeleteObjects: 0.047800 ms)

========================================================================
Received Prepare
Registering precompiled user dll's ...
Registered in 0.002161 seconds.
Begin MonoManager ReloadAssembly
Native extension for WindowsStandalone target not found
Refreshing native plugins compatible for Editor in 0.39 ms, found 1 plugins.
Preloading 0 native plugins for Editor in 0.00 ms.
Mono: successfully reloaded assembly
- Completed reload, in  0.664 seconds
Platform modules already initialized, skipping
Refreshing native plugins compatible for Editor in 0.39 ms, found 1 plugins.
Preloading 0 native plugins for Editor in 0.00 ms.
Unloading 2663 Unused Serialized files (Serialized files now loaded: 0)
System memory in use before: 103.9 MB.
System memory in use after: 104.1 MB.

Unloading 10 unused Assets to reduce memory usage. Loaded Objects now: 3192.
Total: 1.476300 ms (FindLiveObjects: 0.176800 ms CreateObjectMapping: 0.106700 ms MarkObjects: 1.159200 ms  DeleteObjects: 0.032700 ms)

AssetImportWorkerClient::OnTransportError - code=2 error=End of file
